2023/08/28 13:08:15 [notice] 1#1: using the "epoll" event method
2023/08/28 13:08:15 [notice] 1#1: nginx/1.25.2
2023/08/28 13:08:15 [notice] 1#1: built by gcc 12.2.0 (Debian 12.2.0-14) 
2023/08/28 13:08:15 [notice] 1#1: OS: Linux 5.15.90.1-microsoft-standard-WSL2
2023/08/28 13:08:15 [notice] 1#1: getrlimit(RLIMIT_NOFILE): 1048576:1048576
2023/08/28 13:08:15 [notice] 1#1: start worker processes
2023/08/28 13:08:15 [notice] 1#1: start worker process 20
2023/08/28 13:08:15 [notice] 1#1: start worker process 21
2023/08/28 13:08:15 [notice] 1#1: start worker process 22
2023/08/28 13:08:15 [notice] 1#1: start worker process 23
2023/08/28 13:08:15 [notice] 1#1: start worker process 24
2023/08/28 13:08:15 [notice] 1#1: start worker process 25
2023/08/28 13:08:15 [notice] 1#1: start worker process 26
2023/08/28 13:08:15 [notice] 1#1: start worker process 27
2023/08/28 13:08:15 [notice] 1#1: start worker process 28
2023/08/28 13:08:15 [notice] 1#1: start worker process 29
2023/08/28 13:08:15 [notice] 1#1: start worker process 30
2023/08/28 13:08:15 [notice] 1#1: start worker process 31
2023/08/28 13:08:46 [error] 20#20: *1 connect() failed (113: No route to host) while connecting to upstream, client: 172.24.0.1, server: pestagram-demo-demo.tk, request: "GET / HTTP/1.1", upstream: "http://172.24.0.3:8000/", host: "localhost"
2023/08/28 13:08:49 [error] 20#20: *1 connect() failed (113: No route to host) while connecting to upstream, client: 172.24.0.1, server: pestagram-demo-demo.tk, request: "GET /favicon.ico HTTP/1.1", upstream: "http://172.24.0.3:8000/favicon.ico", host: "localhost", referrer: "http://localhost/"
2023/08/28 13:09:26 [error] 22#22: *5 connect() failed (113: No route to host) while connecting to upstream, client: 172.24.0.1, server: pestagram-demo-demo.tk, request: "GET / HTTP/1.1", upstream: "http://172.24.0.3:8000/", host: "127.0.0.1"
2023/08/28 13:09:29 [error] 22#22: *5 connect() failed (113: No route to host) while connecting to upstream, client: 172.24.0.1, server: pestagram-demo-demo.tk, request: "GET /favicon.ico HTTP/1.1", upstream: "http://172.24.0.3:8000/favicon.ico", host: "127.0.0.1", referrer: "http://127.0.0.1/"
2023/08/28 13:10:40 [notice] 1#1: signal 3 (SIGQUIT) received, shutting down
2023/08/28 13:10:40 [notice] 20#20: gracefully shutting down
2023/08/28 13:10:40 [notice] 20#20: exiting
2023/08/28 13:10:40 [notice] 21#21: gracefully shutting down
2023/08/28 13:10:40 [notice] 21#21: exiting
2023/08/28 13:10:40 [notice] 22#22: gracefully shutting down
2023/08/28 13:10:40 [notice] 23#23: gracefully shutting down
2023/08/28 13:10:40 [notice] 24#24: gracefully shutting down
2023/08/28 13:10:40 [notice] 24#24: exiting
2023/08/28 13:10:40 [notice] 25#25: gracefully shutting down
2023/08/28 13:10:40 [notice] 26#26: gracefully shutting down
2023/08/28 13:10:40 [notice] 27#27: gracefully shutting down
2023/08/28 13:10:40 [notice] 28#28: gracefully shutting down
2023/08/28 13:10:40 [notice] 29#29: gracefully shutting down
2023/08/28 13:10:40 [notice] 30#30: gracefully shutting down
2023/08/28 13:10:40 [notice] 31#31: gracefully shutting down
2023/08/28 13:10:40 [notice] 31#31: exiting
2023/08/28 13:10:40 [notice] 20#20: exit
2023/08/28 13:10:40 [notice] 21#21: exit
2023/08/28 13:10:40 [notice] 22#22: exiting
2023/08/28 13:10:40 [notice] 23#23: exiting
2023/08/28 13:10:40 [notice] 24#24: exit
2023/08/28 13:10:40 [notice] 25#25: exiting
2023/08/28 13:10:40 [notice] 26#26: exiting
2023/08/28 13:10:40 [notice] 27#27: exiting
2023/08/28 13:10:40 [notice] 28#28: exiting
2023/08/28 13:10:40 [notice] 29#29: exiting
2023/08/28 13:10:40 [notice] 30#30: exiting
2023/08/28 13:10:40 [notice] 31#31: exit
2023/08/28 13:10:40 [notice] 22#22: exit
2023/08/28 13:10:40 [notice] 23#23: exit
2023/08/28 13:10:40 [notice] 25#25: exit
2023/08/28 13:10:40 [notice] 26#26: exit
2023/08/28 13:10:40 [notice] 27#27: exit
2023/08/28 13:10:40 [notice] 28#28: exit
2023/08/28 13:10:40 [notice] 29#29: exit
2023/08/28 13:10:40 [notice] 30#30: exit
2023/08/28 13:10:40 [notice] 1#1: signal 17 (SIGCHLD) received from 21
2023/08/28 13:10:40 [notice] 1#1: worker process 21 exited with code 0
2023/08/28 13:10:40 [notice] 1#1: signal 29 (SIGIO) received
2023/08/28 13:10:40 [notice] 1#1: signal 17 (SIGCHLD) received from 22
2023/08/28 13:10:40 [notice] 1#1: worker process 20 exited with code 0
2023/08/28 13:10:40 [notice] 1#1: worker process 22 exited with code 0
2023/08/28 13:10:40 [notice] 1#1: worker process 25 exited with code 0
2023/08/28 13:10:40 [notice] 1#1: signal 29 (SIGIO) received
2023/08/28 13:10:40 [notice] 1#1: signal 17 (SIGCHLD) received from 23
2023/08/28 13:10:40 [notice] 1#1: worker process 23 exited with code 0
2023/08/28 13:10:40 [notice] 1#1: worker process 24 exited with code 0
2023/08/28 13:10:40 [notice] 1#1: signal 29 (SIGIO) received
2023/08/28 13:10:40 [notice] 1#1: signal 17 (SIGCHLD) received from 28
2023/08/28 13:10:40 [notice] 1#1: worker process 26 exited with code 0
2023/08/28 13:10:40 [notice] 1#1: worker process 27 exited with code 0
2023/08/28 13:10:40 [notice] 1#1: worker process 28 exited with code 0
2023/08/28 13:10:40 [notice] 1#1: worker process 29 exited with code 0
2023/08/28 13:10:40 [notice] 1#1: worker process 31 exited with code 0
2023/08/28 13:10:40 [notice] 1#1: signal 29 (SIGIO) received
2023/08/28 13:10:40 [notice] 1#1: signal 17 (SIGCHLD) received from 29
2023/08/28 13:10:40 [notice] 1#1: signal 17 (SIGCHLD) received from 30
2023/08/28 13:10:40 [notice] 1#1: worker process 30 exited with code 0
2023/08/28 13:10:40 [notice] 1#1: exit
2023/08/28 13:10:41 [notice] 1#1: using the "epoll" event method
2023/08/28 13:10:41 [notice] 1#1: nginx/1.25.2
2023/08/28 13:10:41 [notice] 1#1: built by gcc 12.2.0 (Debian 12.2.0-14) 
2023/08/28 13:10:41 [notice] 1#1: OS: Linux 5.15.90.1-microsoft-standard-WSL2
2023/08/28 13:10:41 [notice] 1#1: getrlimit(RLIMIT_NOFILE): 1048576:1048576
2023/08/28 13:10:41 [notice] 1#1: start worker processes
2023/08/28 13:10:41 [notice] 1#1: start worker process 20
2023/08/28 13:10:41 [notice] 1#1: start worker process 21
2023/08/28 13:10:41 [notice] 1#1: start worker process 22
2023/08/28 13:10:41 [notice] 1#1: start worker process 23
2023/08/28 13:10:41 [notice] 1#1: start worker process 24
2023/08/28 13:10:41 [notice] 1#1: start worker process 25
2023/08/28 13:10:41 [notice] 1#1: start worker process 26
2023/08/28 13:10:41 [notice] 1#1: start worker process 27
2023/08/28 13:10:41 [notice] 1#1: start worker process 28
2023/08/28 13:10:41 [notice] 1#1: start worker process 29
2023/08/28 13:10:41 [notice] 1#1: start worker process 30
2023/08/28 13:10:41 [notice] 1#1: start worker process 31
2023/08/28 13:10:55 [error] 20#20: *1 connect() failed (113: No route to host) while connecting to upstream, client: 172.24.0.1, server: pestagram-demo-demo.tk, request: "GET / HTTP/1.1", upstream: "http://172.24.0.3:8000/", host: "127.0.0.1:81"
2023/08/28 13:10:58 [error] 20#20: *1 connect() failed (113: No route to host) while connecting to upstream, client: 172.24.0.1, server: pestagram-demo-demo.tk, request: "GET /favicon.ico HTTP/1.1", upstream: "http://172.24.0.3:8000/favicon.ico", host: "127.0.0.1:81", referrer: "http://127.0.0.1:81/"
2023/08/28 13:11:53 [error] 22#22: *5 connect() failed (113: No route to host) while connecting to upstream, client: 172.24.0.1, server: pestagram-demo-demo.tk, request: "GET / HTTP/1.1", upstream: "http://172.24.0.3:8000/", host: "localhost:81"
2023/08/28 13:13:21 [error] 24#24: *9 connect() failed (113: No route to host) while connecting to upstream, client: 172.24.0.1, server: pestagram-demo-demo.tk, request: "GET / HTTP/1.1", upstream: "http://172.24.0.3:8000/", host: "localhost:81"
2023/08/28 13:13:24 [error] 24#24: *9 connect() failed (113: No route to host) while connecting to upstream, client: 172.24.0.1, server: pestagram-demo-demo.tk, request: "GET /favicon.ico HTTP/1.1", upstream: "http://172.24.0.3:8000/favicon.ico", host: "localhost:81", referrer: "http://localhost:81/"
2023/08/28 13:13:36 [error] 24#24: *9 connect() failed (113: No route to host) while connecting to upstream, client: 172.24.0.1, server: pestagram-demo-demo.tk, request: "GET / HTTP/1.1", upstream: "http://172.24.0.3:8000/", host: "localhost:81"
2023/08/28 13:13:45 [notice] 1#1: signal 3 (SIGQUIT) received, shutting down
2023/08/28 13:13:45 [notice] 20#20: gracefully shutting down
2023/08/28 13:13:45 [notice] 22#22: gracefully shutting down
2023/08/28 13:13:45 [notice] 23#23: gracefully shutting down
2023/08/28 13:13:45 [notice] 24#24: gracefully shutting down
2023/08/28 13:13:45 [notice] 25#25: gracefully shutting down
2023/08/28 13:13:45 [notice] 26#26: gracefully shutting down
2023/08/28 13:13:45 [notice] 27#27: gracefully shutting down
2023/08/28 13:13:45 [notice] 28#28: gracefully shutting down
2023/08/28 13:13:45 [notice] 28#28: exiting
2023/08/28 13:13:45 [notice] 29#29: gracefully shutting down
2023/08/28 13:13:45 [notice] 29#29: exiting
2023/08/28 13:13:45 [notice] 30#30: gracefully shutting down
2023/08/28 13:13:45 [notice] 31#31: gracefully shutting down
2023/08/28 13:13:45 [notice] 20#20: exiting
2023/08/28 13:13:45 [notice] 21#21: gracefully shutting down
2023/08/28 13:13:45 [notice] 22#22: exiting
2023/08/28 13:13:45 [notice] 23#23: exiting
2023/08/28 13:13:45 [notice] 24#24: exiting
2023/08/28 13:13:45 [notice] 26#26: exiting
2023/08/28 13:13:45 [notice] 27#27: exiting
2023/08/28 13:13:45 [notice] 28#28: exit
2023/08/28 13:13:45 [notice] 29#29: exit
2023/08/28 13:13:45 [notice] 30#30: exiting
2023/08/28 13:13:45 [notice] 31#31: exiting
2023/08/28 13:13:45 [notice] 20#20: exit
2023/08/28 13:13:45 [notice] 21#21: exiting
2023/08/28 13:13:45 [notice] 22#22: exit
2023/08/28 13:13:45 [notice] 23#23: exit
2023/08/28 13:13:45 [notice] 24#24: exit
2023/08/28 13:13:45 [notice] 26#26: exit
2023/08/28 13:13:45 [notice] 27#27: exit
2023/08/28 13:13:45 [notice] 30#30: exit
2023/08/28 13:13:45 [notice] 31#31: exit
2023/08/28 13:13:45 [notice] 21#21: exit
2023/08/28 13:13:45 [notice] 1#1: signal 17 (SIGCHLD) received from 24
2023/08/28 13:13:45 [notice] 1#1: worker process 21 exited with code 0
2023/08/28 13:13:45 [notice] 1#1: worker process 23 exited with code 0
2023/08/28 13:13:45 [notice] 1#1: worker process 24 exited with code 0
2023/08/28 13:13:45 [notice] 1#1: worker process 26 exited with code 0
2023/08/28 13:13:45 [notice] 1#1: worker process 28 exited with code 0
2023/08/28 13:13:45 [notice] 1#1: worker process 29 exited with code 0
2023/08/28 13:13:45 [notice] 1#1: signal 29 (SIGIO) received
2023/08/28 13:13:45 [notice] 1#1: signal 17 (SIGCHLD) received from 29
2023/08/28 13:13:45 [notice] 1#1: signal 17 (SIGCHLD) received from 31
2023/08/28 13:13:45 [notice] 1#1: worker process 20 exited with code 0
2023/08/28 13:13:45 [notice] 1#1: worker process 22 exited with code 0
2023/08/28 13:13:45 [notice] 1#1: worker process 27 exited with code 0
2023/08/28 13:13:45 [notice] 1#1: worker process 30 exited with code 0
2023/08/28 13:13:45 [notice] 1#1: worker process 31 exited with code 0
2023/08/28 13:13:45 [notice] 1#1: signal 29 (SIGIO) received
2023/08/28 13:13:45 [notice] 1#1: signal 17 (SIGCHLD) received from 20
2023/08/28 13:14:45 [notice] 1#1: using the "epoll" event method
2023/08/28 13:14:45 [notice] 1#1: nginx/1.25.2
2023/08/28 13:14:45 [notice] 1#1: built by gcc 12.2.0 (Debian 12.2.0-14) 
2023/08/28 13:14:45 [notice] 1#1: OS: Linux 5.15.90.1-microsoft-standard-WSL2
2023/08/28 13:14:45 [notice] 1#1: getrlimit(RLIMIT_NOFILE): 1048576:1048576
2023/08/28 13:14:45 [notice] 1#1: start worker processes
2023/08/28 13:14:45 [notice] 1#1: start worker process 20
2023/08/28 13:14:45 [notice] 1#1: start worker process 21
2023/08/28 13:14:45 [notice] 1#1: start worker process 22
2023/08/28 13:14:45 [notice] 1#1: start worker process 23
2023/08/28 13:14:45 [notice] 1#1: start worker process 24
2023/08/28 13:14:45 [notice] 1#1: start worker process 25
2023/08/28 13:14:45 [notice] 1#1: start worker process 26
2023/08/28 13:14:45 [notice] 1#1: start worker process 27
2023/08/28 13:14:45 [notice] 1#1: start worker process 28
2023/08/28 13:14:45 [notice] 1#1: start worker process 29
2023/08/28 13:14:45 [notice] 1#1: start worker process 30
2023/08/28 13:14:45 [notice] 1#1: start worker process 31
2023/08/28 13:14:59 [error] 20#20: *1 connect() failed (113: No route to host) while connecting to upstream, client: 172.24.0.1, server: , request: "GET / HTTP/1.1", upstream: "http://172.24.0.2:8000/", host: "localhost:81"
2023/08/28 13:15:09 [notice] 1#1: signal 3 (SIGQUIT) received, shutting down
2023/08/28 13:15:09 [notice] 20#20: gracefully shutting down
2023/08/28 13:15:09 [notice] 21#21: gracefully shutting down
2023/08/28 13:15:09 [notice] 22#22: gracefully shutting down
2023/08/28 13:15:09 [notice] 24#24: gracefully shutting down
2023/08/28 13:15:09 [notice] 25#25: gracefully shutting down
2023/08/28 13:15:09 [notice] 25#25: exiting
2023/08/28 13:15:09 [notice] 23#23: gracefully shutting down
2023/08/28 13:15:09 [notice] 27#27: gracefully shutting down
2023/08/28 13:15:09 [notice] 26#26: gracefully shutting down
2023/08/28 13:15:09 [notice] 26#26: exiting
2023/08/28 13:15:09 [notice] 28#28: gracefully shutting down
2023/08/28 13:15:09 [notice] 29#29: gracefully shutting down
2023/08/28 13:15:09 [notice] 30#30: gracefully shutting down
2023/08/28 13:15:09 [notice] 31#31: gracefully shutting down
2023/08/28 13:15:09 [notice] 31#31: exiting
2023/08/28 13:15:09 [notice] 20#20: exiting
2023/08/28 13:15:09 [notice] 22#22: exiting
2023/08/28 13:15:09 [notice] 24#24: exiting
2023/08/28 13:15:09 [notice] 25#25: exit
2023/08/28 13:15:09 [notice] 23#23: exiting
2023/08/28 13:15:09 [notice] 27#27: exiting
2023/08/28 13:15:09 [notice] 26#26: exit
2023/08/28 13:15:09 [notice] 28#28: exiting
2023/08/28 13:15:09 [notice] 29#29: exiting
2023/08/28 13:15:09 [notice] 30#30: exiting
2023/08/28 13:15:09 [notice] 31#31: exit
2023/08/28 13:15:09 [notice] 20#20: exit
2023/08/28 13:15:09 [notice] 22#22: exit
2023/08/28 13:15:09 [notice] 24#24: exit
2023/08/28 13:15:09 [notice] 23#23: exit
2023/08/28 13:15:09 [notice] 27#27: exit
2023/08/28 13:15:09 [notice] 28#28: exit
2023/08/28 13:15:09 [notice] 29#29: exit
2023/08/28 13:15:09 [notice] 30#30: exit
2023/08/28 13:15:09 [notice] 1#1: signal 17 (SIGCHLD) received from 22
2023/08/28 13:15:09 [notice] 1#1: worker process 20 exited with code 0
2023/08/28 13:15:09 [notice] 1#1: worker process 22 exited with code 0
2023/08/28 13:15:09 [notice] 1#1: worker process 24 exited with code 0
2023/08/28 13:15:09 [notice] 1#1: worker process 26 exited with code 0
2023/08/28 13:15:09 [notice] 1#1: worker process 27 exited with code 0
2023/08/28 13:15:09 [notice] 1#1: worker process 29 exited with code 0
2023/08/28 13:15:09 [notice] 1#1: worker process 30 exited with code 0
2023/08/28 13:15:09 [notice] 1#1: worker process 31 exited with code 0
2023/08/28 13:15:09 [notice] 1#1: signal 29 (SIGIO) received
2023/08/28 13:15:09 [notice] 1#1: signal 17 (SIGCHLD) received from 30
2023/08/28 13:15:09 [notice] 1#1: signal 17 (SIGCHLD) received from 23
2023/08/28 13:15:09 [notice] 1#1: worker process 23 exited with code 0
2023/08/28 13:15:09 [notice] 1#1: signal 29 (SIGIO) received
2023/08/28 13:15:09 [notice] 1#1: signal 17 (SIGCHLD) received from 28
2023/08/28 13:15:09 [notice] 1#1: worker process 25 exited with code 0
2023/08/28 13:15:09 [notice] 1#1: worker process 28 exited with code 0
2023/08/28 13:15:09 [notice] 1#1: signal 29 (SIGIO) received
2023/08/28 13:17:19 [notice] 1#1: using the "epoll" event method
2023/08/28 13:17:19 [notice] 1#1: nginx/1.25.2
2023/08/28 13:17:19 [notice] 1#1: built by gcc 12.2.0 (Debian 12.2.0-14) 
2023/08/28 13:17:19 [notice] 1#1: OS: Linux 5.15.90.1-microsoft-standard-WSL2
2023/08/28 13:17:19 [notice] 1#1: getrlimit(RLIMIT_NOFILE): 1048576:1048576
2023/08/28 13:17:19 [notice] 1#1: start worker processes
2023/08/28 13:17:19 [notice] 1#1: start worker process 20
2023/08/28 13:17:19 [notice] 1#1: start worker process 21
2023/08/28 13:17:19 [notice] 1#1: start worker process 22
2023/08/28 13:17:19 [notice] 1#1: start worker process 23
2023/08/28 13:17:19 [notice] 1#1: start worker process 24
2023/08/28 13:17:19 [notice] 1#1: start worker process 25
2023/08/28 13:17:19 [notice] 1#1: start worker process 26
2023/08/28 13:17:19 [notice] 1#1: start worker process 27
2023/08/28 13:17:19 [notice] 1#1: start worker process 28
2023/08/28 13:17:19 [notice] 1#1: start worker process 29
2023/08/28 13:17:19 [notice] 1#1: start worker process 30
2023/08/28 13:17:19 [notice] 1#1: start worker process 31
2023/08/28 13:17:30 [notice] 1#1: signal 3 (SIGQUIT) received, shutting down
2023/08/28 13:17:30 [notice] 20#20: gracefully shutting down
2023/08/28 13:17:30 [notice] 20#20: exiting
2023/08/28 13:17:30 [notice] 21#21: gracefully shutting down
2023/08/28 13:17:30 [notice] 21#21: exiting
2023/08/28 13:17:30 [notice] 22#22: gracefully shutting down
2023/08/28 13:17:30 [notice] 22#22: exiting
2023/08/28 13:17:30 [notice] 23#23: gracefully shutting down
2023/08/28 13:17:30 [notice] 23#23: exiting
2023/08/28 13:17:30 [notice] 24#24: gracefully shutting down
2023/08/28 13:17:30 [notice] 24#24: exiting
2023/08/28 13:17:30 [notice] 25#25: gracefully shutting down
2023/08/28 13:17:30 [notice] 25#25: exiting
2023/08/28 13:17:30 [notice] 26#26: gracefully shutting down
2023/08/28 13:17:30 [notice] 26#26: exiting
2023/08/28 13:17:30 [notice] 27#27: gracefully shutting down
2023/08/28 13:17:30 [notice] 27#27: exiting
2023/08/28 13:17:30 [notice] 28#28: gracefully shutting down
2023/08/28 13:17:30 [notice] 28#28: exiting
2023/08/28 13:17:30 [notice] 29#29: gracefully shutting down
2023/08/28 13:17:30 [notice] 30#30: gracefully shutting down
2023/08/28 13:17:30 [notice] 31#31: gracefully shutting down
2023/08/28 13:17:30 [notice] 31#31: exiting
2023/08/28 13:17:30 [notice] 20#20: exit
2023/08/28 13:17:30 [notice] 21#21: exit
2023/08/28 13:17:30 [notice] 22#22: exit
2023/08/28 13:17:30 [notice] 23#23: exit
2023/08/28 13:17:30 [notice] 24#24: exit
2023/08/28 13:17:30 [notice] 25#25: exit
2023/08/28 13:17:30 [notice] 26#26: exit
2023/08/28 13:17:30 [notice] 27#27: exit
2023/08/28 13:17:30 [notice] 28#28: exit
2023/08/28 13:17:30 [notice] 29#29: exiting
2023/08/28 13:17:30 [notice] 30#30: exiting
2023/08/28 13:17:30 [notice] 31#31: exit
2023/08/28 13:17:30 [notice] 29#29: exit
2023/08/28 13:17:30 [notice] 30#30: exit
2023/08/28 13:17:30 [notice] 1#1: signal 17 (SIGCHLD) received from 24
2023/08/28 13:17:30 [notice] 1#1: worker process 22 exited with code 0
2023/08/28 13:17:30 [notice] 1#1: worker process 24 exited with code 0
2023/08/28 13:17:30 [notice] 1#1: signal 29 (SIGIO) received
2023/08/28 13:17:30 [notice] 1#1: signal 17 (SIGCHLD) received from 22
2023/08/28 13:17:30 [notice] 1#1: signal 17 (SIGCHLD) received from 25
2023/08/28 13:17:30 [notice] 1#1: worker process 23 exited with code 0
2023/08/28 13:17:30 [notice] 1#1: worker process 25 exited with code 0
2023/08/28 13:17:30 [notice] 1#1: worker process 31 exited with code 0
2023/08/28 13:17:30 [notice] 1#1: signal 29 (SIGIO) received
2023/08/28 13:17:30 [notice] 1#1: signal 17 (SIGCHLD) received from 31
2023/08/28 13:17:30 [notice] 1#1: signal 17 (SIGCHLD) received from 26
2023/08/28 13:17:30 [notice] 1#1: worker process 26 exited with code 0
2023/08/28 13:17:30 [notice] 1#1: signal 29 (SIGIO) received
2023/08/28 13:17:30 [notice] 1#1: signal 17 (SIGCHLD) received from 28
2023/08/28 13:17:30 [notice] 1#1: worker process 28 exited with code 0
2023/08/28 13:17:30 [notice] 1#1: worker process 29 exited with code 0
2023/08/28 13:17:30 [notice] 1#1: signal 29 (SIGIO) received
2023/08/28 13:17:30 [notice] 1#1: signal 17 (SIGCHLD) received from 20
2023/08/28 13:17:30 [notice] 1#1: worker process 20 exited with code 0
2023/08/28 13:17:30 [notice] 1#1: signal 29 (SIGIO) received
2023/08/28 13:17:30 [notice] 1#1: signal 17 (SIGCHLD) received from 21
2023/08/28 13:17:30 [notice] 1#1: worker process 21 exited with code 0
2023/08/28 13:17:30 [notice] 1#1: worker process 27 exited with code 0
2023/08/28 13:17:30 [notice] 1#1: worker process 30 exited with code 0
2023/08/28 13:17:30 [notice] 1#1: exit
2023/08/28 13:19:56 [notice] 1#1: using the "epoll" event method
2023/08/28 13:19:56 [notice] 1#1: nginx/1.25.2
2023/08/28 13:19:56 [notice] 1#1: built by gcc 12.2.0 (Debian 12.2.0-14) 
2023/08/28 13:19:56 [notice] 1#1: OS: Linux 5.15.90.1-microsoft-standard-WSL2
2023/08/28 13:19:56 [notice] 1#1: getrlimit(RLIMIT_NOFILE): 1048576:1048576
2023/08/28 13:19:56 [notice] 1#1: start worker processes
2023/08/28 13:19:56 [notice] 1#1: start worker process 20
2023/08/28 13:19:56 [notice] 1#1: start worker process 21
2023/08/28 13:19:56 [notice] 1#1: start worker process 22
2023/08/28 13:19:56 [notice] 1#1: start worker process 23
2023/08/28 13:19:56 [notice] 1#1: start worker process 24
2023/08/28 13:19:56 [notice] 1#1: start worker process 25
2023/08/28 13:19:56 [notice] 1#1: start worker process 26
2023/08/28 13:19:56 [notice] 1#1: start worker process 27
2023/08/28 13:19:56 [notice] 1#1: start worker process 28
2023/08/28 13:19:56 [notice] 1#1: start worker process 29
2023/08/28 13:19:56 [notice] 1#1: start worker process 30
2023/08/28 13:19:56 [notice] 1#1: start worker process 31
2023/08/28 13:20:07 [error] 20#20: *1 connect() failed (113: No route to host) while connecting to upstream, client: 172.24.0.1, server: , request: "GET / HTTP/1.1", upstream: "http://172.24.0.3:8000/", host: "localhost:81"
2023/08/28 13:20:10 [error] 20#20: *1 connect() failed (113: No route to host) while connecting to upstream, client: 172.24.0.1, server: , request: "GET /favicon.ico HTTP/1.1", upstream: "http://172.24.0.3:8000/favicon.ico", host: "localhost:81", referrer: "http://localhost:81/"
2023/08/28 13:20:59 [notice] 1#1: signal 3 (SIGQUIT) received, shutting down
2023/08/28 13:20:59 [notice] 21#21: gracefully shutting down
2023/08/28 13:20:59 [notice] 20#20: gracefully shutting down
2023/08/28 13:20:59 [notice] 23#23: gracefully shutting down
2023/08/28 13:20:59 [notice] 23#23: exiting
2023/08/28 13:20:59 [notice] 24#24: gracefully shutting down
2023/08/28 13:20:59 [notice] 24#24: exiting
2023/08/28 13:20:59 [notice] 22#22: gracefully shutting down
2023/08/28 13:20:59 [notice] 22#22: exiting
2023/08/28 13:20:59 [notice] 26#26: gracefully shutting down
2023/08/28 13:20:59 [notice] 25#25: gracefully shutting down
2023/08/28 13:20:59 [notice] 25#25: exiting
2023/08/28 13:20:59 [notice] 28#28: gracefully shutting down
2023/08/28 13:20:59 [notice] 28#28: exiting
2023/08/28 13:20:59 [notice] 27#27: gracefully shutting down
2023/08/28 13:20:59 [notice] 27#27: exiting
2023/08/28 13:20:59 [notice] 29#29: gracefully shutting down
2023/08/28 13:20:59 [notice] 29#29: exiting
2023/08/28 13:20:59 [notice] 30#30: gracefully shutting down
2023/08/28 13:20:59 [notice] 30#30: exiting
2023/08/28 13:20:59 [notice] 31#31: gracefully shutting down
2023/08/28 13:20:59 [notice] 20#20: exiting
2023/08/28 13:20:59 [notice] 23#23: exit
2023/08/28 13:20:59 [notice] 24#24: exit
2023/08/28 13:20:59 [notice] 22#22: exit
2023/08/28 13:20:59 [notice] 26#26: exiting
2023/08/28 13:20:59 [notice] 25#25: exit
2023/08/28 13:20:59 [notice] 28#28: exit
2023/08/28 13:20:59 [notice] 27#27: exit
2023/08/28 13:20:59 [notice] 29#29: exit
2023/08/28 13:20:59 [notice] 30#30: exit
2023/08/28 13:20:59 [notice] 31#31: exiting
2023/08/28 13:20:59 [notice] 20#20: exit
2023/08/28 13:20:59 [notice] 26#26: exit
2023/08/28 13:20:59 [notice] 31#31: exit
2023/08/28 13:20:59 [notice] 1#1: signal 17 (SIGCHLD) received from 22
2023/08/28 13:20:59 [notice] 1#1: worker process 22 exited with code 0
2023/08/28 13:20:59 [notice] 1#1: worker process 25 exited with code 0
2023/08/28 13:20:59 [notice] 1#1: worker process 28 exited with code 0
2023/08/28 13:20:59 [notice] 1#1: signal 29 (SIGIO) received
2023/08/28 13:20:59 [notice] 1#1: signal 17 (SIGCHLD) received from 24
2023/08/28 13:20:59 [notice] 1#1: worker process 23 exited with code 0
2023/08/28 13:20:59 [notice] 1#1: worker process 24 exited with code 0
2023/08/28 13:20:59 [notice] 1#1: signal 29 (SIGIO) received
2023/08/28 13:20:59 [notice] 1#1: signal 17 (SIGCHLD) received from 20
2023/08/28 13:20:59 [notice] 1#1: worker process 20 exited with code 0
2023/08/28 13:20:59 [notice] 1#1: worker process 29 exited with code 0
2023/08/28 13:20:59 [notice] 1#1: signal 29 (SIGIO) received
2023/08/28 13:20:59 [notice] 1#1: signal 17 (SIGCHLD) received from 31
2023/08/28 13:20:59 [notice] 1#1: worker process 26 exited with code 0
2023/08/28 13:20:59 [notice] 1#1: worker process 27 exited with code 0
2023/08/28 13:20:59 [notice] 1#1: worker process 30 exited with code 0
2023/08/28 13:20:59 [notice] 1#1: worker process 31 exited with code 0
2023/08/28 13:20:59 [notice] 1#1: signal 29 (SIGIO) received
2023/08/28 13:20:59 [notice] 1#1: signal 17 (SIGCHLD) received from 27
2023/08/28 13:21:04 [notice] 21#21: exiting
2023/08/28 13:21:04 [notice] 21#21: exit
2023/08/28 13:21:04 [notice] 1#1: signal 17 (SIGCHLD) received from 21
2023/08/28 13:21:04 [notice] 1#1: worker process 21 exited with code 0
2023/08/28 13:21:04 [notice] 1#1: exit
2023/08/28 13:41:29 [notice] 1#1: using the "epoll" event method
2023/08/28 13:41:29 [notice] 1#1: nginx/1.25.2
2023/08/28 13:41:29 [notice] 1#1: built by gcc 12.2.0 (Debian 12.2.0-14) 
2023/08/28 13:41:29 [notice] 1#1: OS: Linux 5.15.90.1-microsoft-standard-WSL2
2023/08/28 13:41:29 [notice] 1#1: getrlimit(RLIMIT_NOFILE): 1048576:1048576
2023/08/28 13:41:29 [notice] 1#1: start worker processes
2023/08/28 13:41:29 [notice] 1#1: start worker process 20
2023/08/28 13:41:29 [notice] 1#1: start worker process 21
2023/08/28 13:41:29 [notice] 1#1: start worker process 22
2023/08/28 13:41:29 [notice] 1#1: start worker process 23
2023/08/28 13:41:29 [notice] 1#1: start worker process 24
2023/08/28 13:41:29 [notice] 1#1: start worker process 25
2023/08/28 13:41:29 [notice] 1#1: start worker process 26
2023/08/28 13:41:29 [notice] 1#1: start worker process 27
2023/08/28 13:41:29 [notice] 1#1: start worker process 28
2023/08/28 13:41:29 [notice] 1#1: start worker process 29
2023/08/28 13:41:29 [notice] 1#1: start worker process 30
2023/08/28 13:41:29 [notice] 1#1: start worker process 31
2023/08/29 08:14:23 [notice] 1#1: signal 3 (SIGQUIT) received, shutting down
2023/08/29 08:14:23 [notice] 20#20: gracefully shutting down
2023/08/29 08:14:23 [notice] 22#22: gracefully shutting down
2023/08/29 08:14:23 [notice] 29#29: gracefully shutting down
2023/08/29 08:14:23 [notice] 24#24: gracefully shutting down
2023/08/29 08:14:23 [notice] 25#25: gracefully shutting down
2023/08/29 08:14:23 [notice] 21#21: gracefully shutting down
2023/08/29 08:14:23 [notice] 23#23: gracefully shutting down
2023/08/29 08:14:23 [notice] 28#28: gracefully shutting down
2023/08/29 08:14:23 [notice] 25#25: exiting
2023/08/29 08:14:23 [notice] 30#30: gracefully shutting down
2023/08/29 08:14:23 [notice] 31#31: gracefully shutting down
2023/08/29 08:14:23 [notice] 22#22: exiting
2023/08/29 08:14:23 [notice] 26#26: gracefully shutting down
2023/08/29 08:14:23 [notice] 27#27: gracefully shutting down
2023/08/29 08:14:23 [notice] 20#20: exiting
2023/08/29 08:14:23 [notice] 29#29: exiting
2023/08/29 08:14:23 [notice] 21#21: exiting
2023/08/29 08:14:23 [notice] 20#20: exit
2023/08/29 08:14:23 [notice] 24#24: exiting
2023/08/29 08:14:23 [notice] 25#25: exit
2023/08/29 08:14:23 [notice] 23#23: exiting
2023/08/29 08:14:23 [notice] 28#28: exiting
2023/08/29 08:14:23 [notice] 30#30: exiting
2023/08/29 08:14:23 [notice] 22#22: exit
2023/08/29 08:14:23 [notice] 31#31: exiting
2023/08/29 08:14:23 [notice] 21#21: exit
2023/08/29 08:14:23 [notice] 31#31: exit
2023/08/29 08:14:23 [notice] 26#26: exiting
2023/08/29 08:14:23 [notice] 29#29: exit
2023/08/29 08:14:23 [notice] 24#24: exit
2023/08/29 08:14:23 [notice] 23#23: exit
2023/08/29 08:14:23 [notice] 28#28: exit
2023/08/29 08:14:23 [notice] 30#30: exit
2023/08/29 08:14:23 [notice] 27#27: exiting
2023/08/29 08:14:23 [notice] 26#26: exit
2023/08/29 08:14:23 [notice] 27#27: exit
2023/08/29 08:14:23 [notice] 1#1: signal 17 (SIGCHLD) received from 29
2023/08/29 08:14:23 [notice] 1#1: worker process 24 exited with code 0
2023/08/29 08:14:23 [notice] 1#1: worker process 25 exited with code 0
2023/08/29 08:14:23 [notice] 1#1: worker process 26 exited with code 0
2023/08/29 08:14:23 [notice] 1#1: worker process 28 exited with code 0
2023/08/29 08:14:23 [notice] 1#1: worker process 29 exited with code 0
2023/08/29 08:14:23 [notice] 1#1: worker process 30 exited with code 0
2023/08/29 08:14:23 [notice] 1#1: signal 29 (SIGIO) received
2023/08/29 08:14:23 [notice] 1#1: signal 17 (SIGCHLD) received from 30
2023/08/29 08:14:23 [notice] 1#1: signal 17 (SIGCHLD) received from 22
2023/08/29 08:14:23 [notice] 1#1: worker process 22 exited with code 0
2023/08/29 08:14:23 [notice] 1#1: signal 29 (SIGIO) received
2023/08/29 08:14:23 [notice] 1#1: signal 17 (SIGCHLD) received from 27
2023/08/29 08:14:23 [notice] 1#1: worker process 20 exited with code 0
2023/08/29 08:14:23 [notice] 1#1: worker process 21 exited with code 0
2023/08/29 08:14:23 [notice] 1#1: worker process 23 exited with code 0
2023/08/29 08:14:23 [notice] 1#1: worker process 27 exited with code 0
2023/08/29 08:14:23 [notice] 1#1: worker process 31 exited with code 0
2023/08/29 08:14:23 [notice] 1#1: exit
2023/08/29 08:14:25 [notice] 1#1: using the "epoll" event method
2023/08/29 08:14:25 [notice] 1#1: nginx/1.25.2
2023/08/29 08:14:25 [notice] 1#1: built by gcc 12.2.0 (Debian 12.2.0-14) 
2023/08/29 08:14:25 [notice] 1#1: OS: Linux 5.15.90.1-microsoft-standard-WSL2
2023/08/29 08:14:25 [notice] 1#1: getrlimit(RLIMIT_NOFILE): 1048576:1048576
2023/08/29 08:14:25 [notice] 1#1: start worker processes
2023/08/29 08:14:25 [notice] 1#1: start worker process 20
2023/08/29 08:14:25 [notice] 1#1: start worker process 21
2023/08/29 08:14:25 [notice] 1#1: start worker process 22
2023/08/29 08:14:25 [notice] 1#1: start worker process 23
2023/08/29 08:14:25 [notice] 1#1: start worker process 24
2023/08/29 08:14:25 [notice] 1#1: start worker process 25
2023/08/29 08:14:25 [notice] 1#1: start worker process 26
2023/08/29 08:14:25 [notice] 1#1: start worker process 27
2023/08/29 08:14:25 [notice] 1#1: start worker process 28
2023/08/29 08:14:25 [notice] 1#1: start worker process 29
2023/08/29 08:14:25 [notice] 1#1: start worker process 30
2023/08/29 08:14:25 [notice] 1#1: start worker process 31
